<?xml version="1.0" encoding="UTF-8"?>
<!-- Generated by org.testng.reporters.JUnitXMLReporter -->
<testsuite ignored="0" hostname="DESKTOP-98BEPTA" failures="1" tests="1" name="softwarecompany" time="0.071" errors="0" timestamp="2024-02-05T00:05:59 PST">
  <testcase classname="com.java.testng.SoftwareCompanyName" name="testcase1" time="0.0">
    <failure type="org.testng.TestNGException" message="
Parameter &amp;apos;softwarecompany,elctronicscampany&amp;apos; is required by @Test on method testcase1 but has not been marked @Optional or defined
in C:\Users\800xAInstaller\eclipse-workspace\Dependancy\testng.xml">
      <![CDATA[org.testng.TestNGException: 
Parameter 'softwarecompany,elctronicscampany' is required by @Test on method testcase1 but has not been marked @Optional or defined
in C:\Users\800xAInstaller\eclipse-workspace\Dependancy\testng.xml
at java.base/java.util.ArrayList.forEach(ArrayList.java:1596)
... Removed 26 stack frames]]>
    </failure>
  </testcase> <!-- testcase1 -->
</testsuite> <!-- softwarecompany -->
