<?xml version="1.0" encoding="UTF-8"?>
<!-- Generated by org.testng.reporters.JUnitXMLReporter -->
<testsuite ignored="0" hostname="DESKTOP-98BEPTA" failures="0" tests="3" name="Testparameter" time="0.12" errors="0" timestamp="2024-02-04T23:25:24 PST">
  <testcase classname="com.java.testng.Testngparameterdemo" name="add" time="0.02"/>
  <testcase classname="com.java.testng.Testngparameterdemo" name="mul" time="0.008"/>
  <testcase classname="com.java.testng.Testngparameterdemo" name="sub" time="0.004"/>
</testsuite> <!-- Testparameter -->
