<?xml version="1.0" encoding="UTF-8"?>
<!-- Generated by org.testng.reporters.JUnitXMLReporter -->
<testsuite ignored="0" hostname="DESKTOP-98BEPTA" failures="0" tests="3" name="Test" time="15.715" errors="0" timestamp="2024-02-06T02:27:22 PST">
  <testcase classname="com.java.testng.DataProviderformethod" name="testcase1gogglesearch" time="5.714"/>
  <testcase classname="com.java.testng.DataProviderformethod" name="testcase1gogglesearch" time="4.875"/>
  <testcase classname="com.java.testng.DataProviderformethod" name="testcase1gogglesearch" time="5.008"/>
</testsuite> <!-- Test -->
