<?xml version="1.0" encoding="UTF-8"?>
<!-- Generated by org.testng.reporters.JUnitXMLReporter -->
<testsuite ignored="2" hostname="DESKTOP-98BEPTA" failures="0" tests="1" name="Testcase" time="0.263" errors="0" timestamp="2024-02-03T03:08:52 PST">
  <testcase classname="com.java.testng.EnableDisablemethod" name="weblogin" time="0.032"/>
  <testcase classname="com.java.testng.EnableDisablemethod" name="mobilelogin" time="0.0">
    <ignored/>
  </testcase> <!-- mobilelogin -->
  <testcase classname="com.java.testng.EnableDisablemethod" name="APIlogin" time="0.0">
    <ignored/>
  </testcase> <!-- APIlogin -->
</testsuite> <!-- Testcase -->
