<?xml version="1.0" encoding="UTF-8"?>
<testng-results ignored="0" total="1" passed="1" failed="0" skipped="0">
  <reporter-output>
  </reporter-output>
  <suite started-at="2024-02-10T05:13:25 PST" name="Default suite" finished-at="2024-02-10T05:13:28 PST" duration-ms="3127">
    <groups>
    </groups>
    <test started-at="2024-02-10T05:13:25 PST" name="Default test" finished-at="2024-02-10T05:13:28 PST" duration-ms="3127">
      <class name="com.java.APIrestAssured03.CURDoperation">
        <test-method signature="getmethod()[pri:0, instance:com.java.APIrestAssured03.CURDoperation@1b7cc17c]" started-at="2024-02-10T05:13:25 PST" name="getmethod" finished-at="2024-02-10T05:13:28 PST" duration-ms="3050" status="PASS">
          <reporter-output>
          </reporter-output>
        </test-method> <!-- getmethod -->
      </class> <!-- com.java.APIrestAssured03.CURDoperation -->
    </test> <!-- Default test -->
  </suite> <!-- Default suite -->
</testng-results>
