<?xml version="1.0" encoding="UTF-8"?>
<!-- Generated by org.testng.reporters.JUnitXMLReporter -->
<testsuite ignored="2" hostname="DESKTOP-98BEPTA" failures="0" tests="2" name="Test" time="0.125" errors="0" timestamp="2024-02-04T03:15:01 PST">
  <testcase classname="com.java.testng.GroupAttribute" name="infosys" time="0.02"/>
  <testcase classname="com.java.testng.GroupAttribute" name="vipro" time="0.004"/>
  <testcase classname="com.java.testng.GroupAttribute" name="tata" time="0.0">
    <ignored/>
  </testcase> <!-- tata -->
  <testcase classname="com.java.testng.GroupAttribute" name="Maruti" time="0.0">
    <ignored/>
  </testcase> <!-- Maruti -->
</testsuite> <!-- Test -->
